<?xml version="1.0" encoding="UTF-8"?>
<!-- Generated by org.testng.reporters.JUnitXMLReporter -->
<testsuite ignored="0" hostname="LTIN487458" failures="0" tests="24" name="Test" time="1384.506" errors="0" timestamp="2024-02-28T22:35:34 IST">
  <testcase classname="testCases.TC__001__ExploreCourses" name="SearchTheCourse" time="5.019"/>
  <testcase classname="testCases.TC_002_isthisWebApplicationCourses" name="WebApplicationCourses" time="6.262"/>
  <testcase classname="testCases.TC_003_SetupBeginnersLevel" name="BeginnersLevel" time="14.355"/>
  <testcase classname="testCases.TC_004_SetupEnglishLevel" name="languageSetup" time="7.349"/>
  <testcase classname="testCases.TC_005_ExtractCourseNameWithRating" name="ExtractCoursesWithRating" time="24.877"/>
  <testcase classname="testCases.TC_006_ExtractCourseNameWithDuration" name="CourseWithDuration" time="37.907"/>
  <testcase classname="testCases.TC_007_LanguageLearning" name="CheckLanguageCourse" time="27.544"/>
  <testcase classname="testCases.TC_008_LevelsOfLanguages" name="LanguageLevels" time="22.916"/>
  <testcase classname="testCases.TC_009_LanguageNames" name="LanguagesNames" time="22.961"/>
  <testcase classname="testCases.TC_010_ValidatCampusOfCoursera" name="ValidatCampusOfCoursera" time="19.216"/>
  <testcase classname="testCases.TC_011_EnteringData" name="ValidatCampusOfCoursera" time="28.568"/>
  <testcase classname="testCases.TC_012_ValidatetheFormWithNegativeData" name="ValidatetheFowmWithNegativeData" time="36.174"/>
  <testcase classname="testCases.TC_013_AlertMessageFromFOormNegativeData" name="AlertMessageFromFOormNegativeData" time="33.756"/>
  <testcase classname="testCases.TC_014_SubmittingtheFormWithCorrectData" name="SubmittingtheFormWithCorrectData" time="58.917"/>
  <testcase classname="testCases.TC_015_DataDrivenandPostiveAndNegativeTesting" name="verify_loginDDT" time="45.102"/>
  <testcase classname="testCases.TC_015_DataDrivenandPostiveAndNegativeTesting" name="verify_loginDDT" time="72.67"/>
  <testcase classname="testCases.TC_015_DataDrivenandPostiveAndNegativeTesting" name="verify_loginDDT" time="63.252"/>
  <testcase classname="testCases.TC_015_DataDrivenandPostiveAndNegativeTesting" name="verify_loginDDT" time="55.675"/>
  <testcase classname="testCases.TC_015_DataDrivenandPostiveAndNegativeTesting" name="verify_loginDDT" time="56.783"/>
  <testcase classname="testCases.TC_015_DataDrivenandPostiveAndNegativeTesting" name="verify_loginDDT" time="44.294"/>
  <testcase classname="testCases.TC_015_DataDrivenandPostiveAndNegativeTesting" name="verify_loginDDT" time="42.812"/>
  <testcase classname="testCases.TC_015_DataDrivenandPostiveAndNegativeTesting" name="verify_loginDDT" time="64.885"/>
  <testcase classname="testCases.TC_015_DataDrivenandPostiveAndNegativeTesting" name="verify_loginDDT" time="46.71"/>
  <testcase classname="testCases.TC_015_DataDrivenandPostiveAndNegativeTesting" name="verify_loginDDT" time="42.537"/>
</testsuite> <!-- Test -->
