<?xml version="1.0" encoding="UTF-8"?>
<!-- Generated by org.testng.reporters.JUnitXMLReporter -->
<testsuite ignored="0" hostname="LTIN487458" failures="0" tests="24" name="Test1" time="1356.879" errors="0" timestamp="2024-02-28T22:58:11 IST">
  <testcase classname="testCases.TC__001__ExploreCourses" name="SearchTheCourse" time="6.077"/>
  <testcase classname="testCases.TC_002_isthisWebApplicationCourses" name="WebApplicationCourses" time="7.799"/>
  <testcase classname="testCases.TC_003_SetupBeginnersLevel" name="BeginnersLevel" time="11.12"/>
  <testcase classname="testCases.TC_004_SetupEnglishLevel" name="languageSetup" time="6.706"/>
  <testcase classname="testCases.TC_005_ExtractCourseNameWithRating" name="ExtractCoursesWithRating" time="16.22"/>
  <testcase classname="testCases.TC_006_ExtractCourseNameWithDuration" name="CourseWithDuration" time="31.043"/>
  <testcase classname="testCases.TC_007_LanguageLearning" name="CheckLanguageCourse" time="29.972"/>
  <testcase classname="testCases.TC_008_LevelsOfLanguages" name="LanguageLevels" time="21.944"/>
  <testcase classname="testCases.TC_009_LanguageNames" name="LanguagesNames" time="18.689"/>
  <testcase classname="testCases.TC_010_ValidatCampusOfCoursera" name="ValidatCampusOfCoursera" time="10.059"/>
  <testcase classname="testCases.TC_011_EnteringData" name="ValidatCampusOfCoursera" time="40.386"/>
  <testcase classname="testCases.TC_012_ValidatetheFormWithNegativeData" name="ValidatetheFowmWithNegativeData" time="31.116"/>
  <testcase classname="testCases.TC_013_AlertMessageFromFOormNegativeData" name="AlertMessageFromFOormNegativeData" time="31.044"/>
  <testcase classname="testCases.TC_014_SubmittingtheFormWithCorrectData" name="SubmittingtheFormWithCorrectData" time="46.35"/>
  <testcase classname="testCases.TC_015_DataDrivenandPostiveAndNegativeTesting" name="verify_loginDDT" time="46.437"/>
  <testcase classname="testCases.TC_015_DataDrivenandPostiveAndNegativeTesting" name="verify_loginDDT" time="50.94"/>
  <testcase classname="testCases.TC_015_DataDrivenandPostiveAndNegativeTesting" name="verify_loginDDT" time="61.307"/>
  <testcase classname="testCases.TC_015_DataDrivenandPostiveAndNegativeTesting" name="verify_loginDDT" time="43.718"/>
  <testcase classname="testCases.TC_015_DataDrivenandPostiveAndNegativeTesting" name="verify_loginDDT" time="58.107"/>
  <testcase classname="testCases.TC_015_DataDrivenandPostiveAndNegativeTesting" name="verify_loginDDT" time="55.026"/>
  <testcase classname="testCases.TC_015_DataDrivenandPostiveAndNegativeTesting" name="verify_loginDDT" time="45.165"/>
  <testcase classname="testCases.TC_015_DataDrivenandPostiveAndNegativeTesting" name="verify_loginDDT" time="57.82"/>
  <testcase classname="testCases.TC_015_DataDrivenandPostiveAndNegativeTesting" name="verify_loginDDT" time="45.084"/>
  <testcase classname="testCases.TC_015_DataDrivenandPostiveAndNegativeTesting" name="verify_loginDDT" time="45.733"/>
</testsuite> <!-- Test1 -->
