<?xml version="1.0" encoding="UTF-8"?>
<testsuite xmlns:xsi="http://www.w3.org/2001/XMLSchema-instance" xsi:noNamespaceSchemaLocation="https://maven.apache.org/surefire/maven-surefire-plugin/xsd/surefire-test-report-3.0.xsd" version="3.0" name="TestSuite" time="2513.593" tests="16" errors="0" skipped="0" failures="2">
  <properties>
[...]
</properties>
  <testcase name="verify_loginDDT[Shiva, Lord, shiva@anywhere.com, 9394717660, AnyWhere, Valid](1)" classname="testCases.TC_015_DataDrivenandPostiveAndNegativeTesting" time="86.353">
    <system-out><![CDATA[1
2
4
it is there
1
true
]]></system-out>
  </testcase>
  <testcase name="verify_loginDDT[Vishnu, Lord, vishnu@anywhere.com, 9194717661, AnyWhere, Valid](2)" classname="testCases.TC_015_DataDrivenandPostiveAndNegativeTesting" time="142.829">
    <system-out><![CDATA[1
2
4
it is there
1
true
]]></system-out>
  </testcase>
  <testcase name="verify_loginDDT[Brahma, Lord, brahma@gmail.com, 9294717662, AnyWhere, InValid](3)" classname="testCases.TC_015_DataDrivenandPostiveAndNegativeTesting" time="128.775">
    <system-out><![CDATA[1
2
4
it is there
0
false
]]></system-out>
  </testcase>
  <testcase name="verify_loginDDT[Prakash, Man, prakash@cognizant.com, 9494717663, Cognizant, Valid](4)" classname="testCases.TC_015_DataDrivenandPostiveAndNegativeTesting" time="146.008">
    <system-out><![CDATA[1
2
4
it is there
1
true
]]></system-out>
  </testcase>
  <testcase name="verify_loginDDT[Cow, Animal, cow@gmail.com, 9594717664, Earth, InValid](5)" classname="testCases.TC_015_DataDrivenandPostiveAndNegativeTesting" time="126.806">
    <system-out><![CDATA[1
2
4
it is there
0
false
]]></system-out>
  </testcase>
  <testcase name="verify_loginDDT[Tree, Plant, tree@earth.com, 9694717665, Earth, Valid](6)" classname="testCases.TC_015_DataDrivenandPostiveAndNegativeTesting" time="142.269">
    <system-out><![CDATA[1
2
4
it is there
1
true
]]></system-out>
  </testcase>
  <testcase name="verify_loginDDT[Rice, Food, rice@earth.com, 9794717666, Earth, Valid](7)" classname="testCases.TC_015_DataDrivenandPostiveAndNegativeTesting" time="143.056">
    <system-out><![CDATA[1
2
4
it is there
1
true
]]></system-out>
  </testcase>
  <testcase name="verify_loginDDT[ECRBeach, Place, ecrbeach@gmail.com, 9894717667, Earth, InValid](8)" classname="testCases.TC_015_DataDrivenandPostiveAndNegativeTesting" time="126.758">
    <system-out><![CDATA[1
2
4
it is there
0
false
]]></system-out>
  </testcase>
  <testcase name="verify_loginDDT[Book, Object, book@earth.com, 9994717668, Earth, Valid](9)" classname="testCases.TC_015_DataDrivenandPostiveAndNegativeTesting" time="143.291">
    <system-out><![CDATA[1
2
4
it is there
1
true
]]></system-out>
  </testcase>
  <testcase name="verify_loginDDT[Phone, Communication, phone@electromagneticwaves.com, 9104717669, ElectroMagneticWaves, Valid](10)" classname="testCases.TC_015_DataDrivenandPostiveAndNegativeTesting" time="142.303">
    <system-out><![CDATA[1
2
4
it is there
1
true
]]></system-out>
  </testcase>
  <testcase name="WebApplicationCourses" classname="testCases.TC_002_isthisWebApplicationCourses" time="40.395"/>
  <testcase name="LanguagesNames" classname="testCases.TC_009_LanguageNames" time="64.246">
    <system-err><![CDATA[Feb 28, 2024 4:54:14 PM org.openqa.selenium.devtools.CdpVersionFinder findNearestMatch
WARNING: Unable to find an exact match for CDP version 122, returning the closest version; found: 119; Please update to a Selenium version that supports CDP version 122
]]></system-err>
  </testcase>
  <testcase name="runScenario[&quot;Levels and Languages of Language Learnings&quot;, &quot;Optional[Language Learning]&quot;](1)" classname="testRunner.TestRunner" time="55.796">
    <failure message="no such window: target window already closed&#10;from unknown error: web view not found&#10;  (Session info: chrome=118.0.5993.71)&#10;Build info: version: &apos;4.15.0&apos;, revision: &apos;1d14b5521b&apos;&#10;System info: os.name: &apos;Windows 11&apos;, os.arch: &apos;amd64&apos;, os.version: &apos;10.0&apos;, java.version: &apos;17.0.9&apos;&#10;Driver info: org.openqa.selenium.chrome.ChromeDriver&#10;Command: [2ea377adcf3d9ae4960268f5a2ba8f7a, findElement {using=xpath, value=//a[normalize-space()=&apos;All Language Courses&apos;]}]&#10;Capabilities {acceptInsecureCerts: false, browserName: chrome, browserVersion: 118.0.5993.71, chrome: {chromedriverVersion: 118.0.5993.70 (e52f33f30b91..., userDataDir: C:\Windows\SystemTemp\scope...}, fedcm:accounts: true, goog:chromeOptions: {debuggerAddress: localhost:55061}, networkConnectionEnabled: false, pageLoadStrategy: normal, platformName: windows, proxy: Proxy(), se:cdp: ws://localhost:55061/devtoo..., se:cdpVersion: 118.0.5993.71, setWindowRect: true, strictFileInteractability: false, timeouts: {implicit: 0, pageLoad: 300000, script: 30000}, unhandledPromptBehavior: dismiss and notify, webauthn:extension:credBlob: true, webauthn:extension:largeBlob: true, webauthn:extension:minPinLength: true, webauthn:extension:prf: true, webauthn:virtualAuthenticators: true}&#10;Session ID: 2ea377adcf3d9ae4960268f5a2ba8f7a" type="org.openqa.selenium.NoSuchWindowException"><![CDATA[org.openqa.selenium.NoSuchWindowException: 
no such window: target window already closed
from unknown error: web view not found
  (Session info: chrome=118.0.5993.71)
Build info: version: '4.15.0', revision: '1d14b5521b'
System info: os.name: 'Windows 11', os.arch: 'amd64', os.version: '10.0', java.version: '17.0.9'
Driver info: org.openqa.selenium.chrome.ChromeDriver
Command: [2ea377adcf3d9ae4960268f5a2ba8f7a, findElement {using=xpath, value=//a[normalize-space()='All Language Courses']}]
Capabilities {acceptInsecureCerts: false, browserName: chrome, browserVersion: 118.0.5993.71, chrome: {chromedriverVersion: 118.0.5993.70 (e52f33f30b91..., userDataDir: C:\Windows\SystemTemp\scope...}, fedcm:accounts: true, goog:chromeOptions: {debuggerAddress: localhost:55061}, networkConnectionEnabled: false, pageLoadStrategy: normal, platformName: windows, proxy: Proxy(), se:cdp: ws://localhost:55061/devtoo..., se:cdpVersion: 118.0.5993.71, setWindowRect: true, strictFileInteractability: false, timeouts: {implicit: 0, pageLoad: 300000, script: 30000}, unhandledPromptBehavior: dismiss and notify, webauthn:extension:credBlob: true, webauthn:extension:largeBlob: true, webauthn:extension:minPinLength: true, webauthn:extension:prf: true, webauthn:virtualAuthenticators: true}
Session ID: 2ea377adcf3d9ae4960268f5a2ba8f7a
	at java.base/jdk.internal.reflect.NativeConstructorAccessorImpl.newInstance0(Native Method)
	at java.base/jdk.internal.reflect.NativeConstructorAccessorImpl.newInstance(NativeConstructorAccessorImpl.java:77)
	at java.base/jdk.internal.reflect.DelegatingConstructorAccessorImpl.newInstance(DelegatingConstructorAccessorImpl.java:45)
	at java.base/java.lang.reflect.Constructor.newInstanceWithCaller(Constructor.java:499)
	at java.base/java.lang.reflect.Constructor.newInstance(Constructor.java:480)
	at org.openqa.selenium.remote.codec.w3c.W3CHttpResponseCodec.createException(W3CHttpResponseCodec.java:200)
	at org.openqa.selenium.remote.codec.w3c.W3CHttpResponseCodec.decode(W3CHttpResponseCodec.java:133)
	at org.openqa.selenium.remote.codec.w3c.W3CHttpResponseCodec.decode(W3CHttpResponseCodec.java:52)
	at org.openqa.selenium.remote.HttpCommandExecutor.execute(HttpCommandExecutor.java:191)
	at org.openqa.selenium.remote.service.DriverCommandExecutor.invokeExecute(DriverCommandExecutor.java:200)
	at org.openqa.selenium.remote.service.DriverCommandExecutor.execute(DriverCommandExecutor.java:175)
	at org.openqa.selenium.remote.RemoteWebDriver.execute(RemoteWebDriver.java:607)
	at org.openqa.selenium.remote.ElementLocation$ElementFinder$2.findElement(ElementLocation.java:165)
	at org.openqa.selenium.remote.ElementLocation.findElement(ElementLocation.java:59)
	at org.openqa.selenium.remote.RemoteWebDriver.findElement(RemoteWebDriver.java:364)
	at org.openqa.selenium.remote.RemoteWebDriver.findElement(RemoteWebDriver.java:358)
	at org.openqa.selenium.support.pagefactory.DefaultElementLocator.findElement(DefaultElementLocator.java:68)
	at org.openqa.selenium.support.pagefactory.internal.LocatingElementHandler.invoke(LocatingElementHandler.java:38)
	at jdk.proxy2/jdk.proxy2.$Proxy32.click(Unknown Source)
	at pageObjects.explorePage.clickOnAllLanguageCourses(explorePage.java:35)
	at StepDefinitionsFiles.TC_018_LanguageLearningModule.click_on_the_all_language_courses(TC_018_LanguageLearningModule.java:44)
	at ✽.click on the All language Courses(file:///C:/Users/2303722/eclipse-workspace/IdentifingCourses/./Features/LanguageLearning.feature:9)
]]></failure>
    <system-out><![CDATA[
@retest
Scenario: Levels and Languages of Language Learnings                                   # Features/LanguageLearning.feature:5
  Given Navigate to the Url                                                            # StepDefinitionsFiles.TC_016_CourseraValiation.navigate_to_the_url()

    Embedding screenshot [image/png 144363 bytes]

  When Mouse Over to explore option                                                    # StepDefinitionsFiles.TC_018_LanguageLearningModule.mouse_over_to_explore_option()

    Embedding screenshot [image/png 143588 bytes]

  When click on the language Learning                                                  # StepDefinitionsFiles.TC_018_LanguageLearningModule.click_on_the_language_learning()

    Embedding screenshot [image/png 123555 bytes]

  And click on the All language Courses                                                # StepDefinitionsFiles.TC_018_LanguageLearningModule.click_on_the_all_language_courses()
      org.openqa.selenium.NoSuchWindowException: no such window: target window already closed
from unknown error: web view not found
  (Session info: chrome=118.0.5993.71)
Build info: version: '4.15.0', revision: '1d14b5521b'
System info: os.name: 'Windows 11', os.arch: 'amd64', os.version: '10.0', java.version: '17.0.9'
Driver info: org.openqa.selenium.chrome.ChromeDriver
Command: [2ea377adcf3d9ae4960268f5a2ba8f7a, findElement {using=xpath, value=//a[normalize-space()='All Language Courses']}]
Capabilities {acceptInsecureCerts: false, browserName: chrome, browserVersion: 118.0.5993.71, chrome: {chromedriverVersion: 118.0.5993.70 (e52f33f30b91..., userDataDir: C:\Windows\SystemTemp\scope...}, fedcm:accounts: true, goog:chromeOptions: {debuggerAddress: localhost:55061}, networkConnectionEnabled: false, pageLoadStrategy: normal, platformName: windows, proxy: Proxy(), se:cdp: ws://localhost:55061/devtoo..., se:cdpVersion: 118.0.5993.71, setWindowRect: true, strictFileInteractability: false, timeouts: {implicit: 0, pageLoad: 300000, script: 30000}, unhandledPromptBehavior: dismiss and notify, webauthn:extension:credBlob: true, webauthn:extension:largeBlob: true, webauthn:extension:minPinLength: true, webauthn:extension:prf: true, webauthn:virtualAuthenticators: true}
Session ID: 2ea377adcf3d9ae4960268f5a2ba8f7a
	at java.base/jdk.internal.reflect.NativeConstructorAccessorImpl.newInstance0(Native Method)
	at java.base/jdk.internal.reflect.NativeConstructorAccessorImpl.newInstance(NativeConstructorAccessorImpl.java:77)
	at java.base/jdk.internal.reflect.DelegatingConstructorAccessorImpl.newInstance(DelegatingConstructorAccessorImpl.java:45)
	at java.base/java.lang.reflect.Constructor.newInstanceWithCaller(Constructor.java:499)
	at java.base/java.lang.reflect.Constructor.newInstance(Constructor.java:480)
	at org.openqa.selenium.remote.codec.w3c.W3CHttpResponseCodec.createException(W3CHttpResponseCodec.java:200)
	at org.openqa.selenium.remote.codec.w3c.W3CHttpResponseCodec.decode(W3CHttpResponseCodec.java:133)
	at org.openqa.selenium.remote.codec.w3c.W3CHttpResponseCodec.decode(W3CHttpResponseCodec.java:52)
	at org.openqa.selenium.remote.HttpCommandExecutor.execute(HttpCommandExecutor.java:191)
	at org.openqa.selenium.remote.service.DriverCommandExecutor.invokeExecute(DriverCommandExecutor.java:200)
	at org.openqa.selenium.remote.service.DriverCommandExecutor.execute(DriverCommandExecutor.java:175)
	at org.openqa.selenium.remote.RemoteWebDriver.execute(RemoteWebDriver.java:607)
	at org.openqa.selenium.remote.ElementLocation$ElementFinder$2.findElement(ElementLocation.java:165)
	at org.openqa.selenium.remote.ElementLocation.findElement(ElementLocation.java:59)
	at org.openqa.selenium.remote.RemoteWebDriver.findElement(RemoteWebDriver.java:364)
	at org.openqa.selenium.remote.RemoteWebDriver.findElement(RemoteWebDriver.java:358)
	at org.openqa.selenium.support.pagefactory.DefaultElementLocator.findElement(DefaultElementLocator.java:68)
	at org.openqa.selenium.support.pagefactory.internal.LocatingElementHandler.invoke(LocatingElementHandler.java:38)
	at jdk.proxy2/jdk.proxy2.$Proxy32.click(Unknown Source)
	at pageObjects.explorePage.clickOnAllLanguageCourses(explorePage.java:35)
	at StepDefinitionsFiles.TC_018_LanguageLearningModule.click_on_the_all_language_courses(TC_018_LanguageLearningModule.java:44)
	at âœ½.click on the All language Courses(file:///C:/Users/2303722/eclipse-workspace/IdentifingCourses/./Features/LanguageLearning.feature:9)

      org.openqa.selenium.NoSuchWindowException: no such window: target window already closed
from unknown error: web view not found
  (Session info: chrome=118.0.5993.71)
Build info: version: '4.15.0', revision: '1d14b5521b'
System info: os.name: 'Windows 11', os.arch: 'amd64', os.version: '10.0', java.version: '17.0.9'
Driver info: org.openqa.selenium.chrome.ChromeDriver
Command: [2ea377adcf3d9ae4960268f5a2ba8f7a, screenshot {}]
Capabilities {acceptInsecureCerts: false, browserName: chrome, browserVersion: 118.0.5993.71, chrome: {chromedriverVersion: 118.0.5993.70 (e52f33f30b91..., userDataDir: C:\Windows\SystemTemp\scope...}, fedcm:accounts: true, goog:chromeOptions: {debuggerAddress: localhost:55061}, networkConnectionEnabled: false, pageLoadStrategy: normal, platformName: windows, proxy: Proxy(), se:cdp: ws://localhost:55061/devtoo..., se:cdpVersion: 118.0.5993.71, setWindowRect: true, strictFileInteractability: false, timeouts: {implicit: 0, pageLoad: 300000, script: 30000}, unhandledPromptBehavior: dismiss and notify, webauthn:extension:credBlob: true, webauthn:extension:largeBlob: true, webauthn:extension:minPinLength: true, webauthn:extension:prf: true, webauthn:virtualAuthenticators: true}
Session ID: 2ea377adcf3d9ae4960268f5a2ba8f7a
	at java.base/jdk.internal.reflect.NativeConstructorAccessorImpl.newInstance0(Native Method)
	at java.base/jdk.internal.reflect.NativeConstructorAccessorImpl.newInstance(NativeConstructorAccessorImpl.java:77)
	at java.base/jdk.internal.reflect.DelegatingConstructorAccessorImpl.newInstance(DelegatingConstructorAccessorImpl.java:45)
	at java.base/java.lang.reflect.Constructor.newInstanceWithCaller(Constructor.java:499)
	at java.base/java.lang.reflect.Constructor.newInstance(Constructor.java:480)
	at org.openqa.selenium.remote.codec.w3c.W3CHttpResponseCodec.createException(W3CHttpResponseCodec.java:200)
	at org.openqa.selenium.remote.codec.w3c.W3CHttpResponseCodec.decode(W3CHttpResponseCodec.java:133)
	at org.openqa.selenium.remote.codec.w3c.W3CHttpResponseCodec.decode(W3CHttpResponseCodec.java:52)
	at org.openqa.selenium.remote.HttpCommandExecutor.execute(HttpCommandExecutor.java:191)
	at org.openqa.selenium.remote.service.DriverCommandExecutor.invokeExecute(DriverCommandExecutor.java:200)
	at org.openqa.selenium.remote.service.DriverCommandExecutor.execute(DriverCommandExecutor.java:175)
	at org.openqa.selenium.remote.RemoteWebDriver.execute(RemoteWebDriver.java:607)
	at org.openqa.selenium.remote.RemoteWebDriver.execute(RemoteWebDriver.java:680)
	at org.openqa.selenium.remote.RemoteWebDriver.execute(RemoteWebDriver.java:684)
	at org.openqa.selenium.remote.RemoteWebDriver.getScreenshotAs(RemoteWebDriver.java:330)
	at StepDefinitionsFiles.Hooks.addScreenshot(Hooks.java:53)

  Then check the driver is on the browser language page or not and Count the languages # StepDefinitionsFiles.TC_018_LanguageLearningModule.check_the_driver_is_on_the_browser_language_page_or_not_and_count_the_languages()
  Then count the display the levels                                                    # StepDefinitionsFiles.TC_018_LanguageLearningModule.count_the_display_the_levels()
]]></system-out>
  </testcase>
  <testcase name="runScenario[&quot;Levels and Languages of Language Learnings&quot;, &quot;Optional[Language Learning]&quot;](1)" classname="testRunner.TestRunner" time="78.803">
    <failure message="element not interactable&#10;  (Session info: MicrosoftEdge=122.0.2365.52)&#10;Build info: version: &apos;4.15.0&apos;, revision: &apos;1d14b5521b&apos;&#10;System info: os.name: &apos;Windows 11&apos;, os.arch: &apos;amd64&apos;, os.version: &apos;10.0&apos;, java.version: &apos;17.0.9&apos;&#10;Driver info: org.openqa.selenium.edge.EdgeDriver&#10;Command: [be4976b23b8af4dc0196fc63d35ce3de, clickElement {id=f.0970CAE33BBA2DBBB7B9A4F35664B5C1.d.C75D5268273439016CC471B5E2024C9A.e.38}]&#10;Capabilities {acceptInsecureCerts: false, browserName: MicrosoftEdge, browserVersion: 122.0.2365.52, fedcm:accounts: true, ms:edgeOptions: {debuggerAddress: localhost:55343}, msedge: {msedgedriverVersion: 122.0.2365.52 (dcf246d1e496..., userDataDir: C:\Windows\SystemTemp\scope...}, networkConnectionEnabled: false, pageLoadStrategy: normal, platformName: windows, proxy: Proxy(), se:cdp: ws://localhost:55343/devtoo..., se:cdpVersion: 122.0.2365.52, setWindowRect: true, strictFileInteractability: false, timeouts: {implicit: 0, pageLoad: 300000, script: 30000}, unhandledPromptBehavior: dismiss and notify, webauthn:extension:credBlob: true, webauthn:extension:largeBlob: true, webauthn:extension:minPinLength: true, webauthn:extension:prf: true, webauthn:virtualAuthenticators: true}&#10;Element: [[EdgeDriver: MicrosoftEdge on windows (be4976b23b8af4dc0196fc63d35ce3de)] -&gt; id: language-learning~menu-item]&#10;Session ID: be4976b23b8af4dc0196fc63d35ce3de" type="org.openqa.selenium.ElementNotInteractableException"><![CDATA[org.openqa.selenium.ElementNotInteractableException: 
element not interactable
  (Session info: MicrosoftEdge=122.0.2365.52)
Build info: version: '4.15.0', revision: '1d14b5521b'
System info: os.name: 'Windows 11', os.arch: 'amd64', os.version: '10.0', java.version: '17.0.9'
Driver info: org.openqa.selenium.edge.EdgeDriver
Command: [be4976b23b8af4dc0196fc63d35ce3de, clickElement {id=f.0970CAE33BBA2DBBB7B9A4F35664B5C1.d.C75D5268273439016CC471B5E2024C9A.e.38}]
Capabilities {acceptInsecureCerts: false, browserName: MicrosoftEdge, browserVersion: 122.0.2365.52, fedcm:accounts: true, ms:edgeOptions: {debuggerAddress: localhost:55343}, msedge: {msedgedriverVersion: 122.0.2365.52 (dcf246d1e496..., userDataDir: C:\Windows\SystemTemp\scope...}, networkConnectionEnabled: false, pageLoadStrategy: normal, platformName: windows, proxy: Proxy(), se:cdp: ws://localhost:55343/devtoo..., se:cdpVersion: 122.0.2365.52, setWindowRect: true, strictFileInteractability: false, timeouts: {implicit: 0, pageLoad: 300000, script: 30000}, unhandledPromptBehavior: dismiss and notify, webauthn:extension:credBlob: true, webauthn:extension:largeBlob: true, webauthn:extension:minPinLength: true, webauthn:extension:prf: true, webauthn:virtualAuthenticators: true}
Element: [[EdgeDriver: MicrosoftEdge on windows (be4976b23b8af4dc0196fc63d35ce3de)] -> id: language-learning~menu-item]
Session ID: be4976b23b8af4dc0196fc63d35ce3de
	at java.base/jdk.internal.reflect.NativeConstructorAccessorImpl.newInstance0(Native Method)
	at java.base/jdk.internal.reflect.NativeConstructorAccessorImpl.newInstance(NativeConstructorAccessorImpl.java:77)
	at java.base/jdk.internal.reflect.DelegatingConstructorAccessorImpl.newInstance(DelegatingConstructorAccessorImpl.java:45)
	at java.base/java.lang.reflect.Constructor.newInstanceWithCaller(Constructor.java:499)
	at java.base/java.lang.reflect.Constructor.newInstance(Constructor.java:480)
	at org.openqa.selenium.remote.codec.w3c.W3CHttpResponseCodec.createException(W3CHttpResponseCodec.java:200)
	at org.openqa.selenium.remote.codec.w3c.W3CHttpResponseCodec.decode(W3CHttpResponseCodec.java:133)
	at org.openqa.selenium.remote.codec.w3c.W3CHttpResponseCodec.decode(W3CHttpResponseCodec.java:52)
	at org.openqa.selenium.remote.HttpCommandExecutor.execute(HttpCommandExecutor.java:191)
	at org.openqa.selenium.remote.service.DriverCommandExecutor.invokeExecute(DriverCommandExecutor.java:200)
	at org.openqa.selenium.remote.service.DriverCommandExecutor.execute(DriverCommandExecutor.java:175)
	at org.openqa.selenium.remote.RemoteWebDriver.execute(RemoteWebDriver.java:607)
	at org.openqa.selenium.remote.RemoteWebElement.execute(RemoteWebElement.java:224)
	at org.openqa.selenium.remote.RemoteWebElement.click(RemoteWebElement.java:77)
	at jdk.internal.reflect.GeneratedMethodAccessor1.invoke(Unknown Source)
	at java.base/jdk.internal.reflect.DelegatingMethodAccessorImpl.invoke(DelegatingMethodAccessorImpl.java:43)
	at java.base/java.lang.reflect.Method.invoke(Method.java:568)
	at org.openqa.selenium.support.pagefactory.internal.LocatingElementHandler.invoke(LocatingElementHandler.java:51)
	at jdk.proxy2/jdk.proxy2.$Proxy32.click(Unknown Source)
	at pageObjects.explorePage.clickOnLanguageLearning(explorePage.java:28)
	at StepDefinitionsFiles.TC_018_LanguageLearningModule.click_on_the_language_learning(TC_018_LanguageLearningModule.java:39)
	at ✽.click on the language Learning(file:///C:/Users/2303722/eclipse-workspace/IdentifingCourses/./Features/LanguageLearning.feature:8)
]]></failure>
    <system-out><![CDATA[
@retest
Scenario: Levels and Languages of Language Learnings                                   # Features/LanguageLearning.feature:5
  Given Navigate to the Url                                                            # StepDefinitionsFiles.TC_016_CourseraValiation.navigate_to_the_url()

    Embedding screenshot [image/png 264483 bytes]

  When Mouse Over to explore option                                                    # StepDefinitionsFiles.TC_018_LanguageLearningModule.mouse_over_to_explore_option()

    Embedding screenshot [image/png 264867 bytes]

  When click on the language Learning                                                  # StepDefinitionsFiles.TC_018_LanguageLearningModule.click_on_the_language_learning()
      org.openqa.selenium.ElementNotInteractableException: element not interactable
  (Session info: MicrosoftEdge=122.0.2365.52)
Build info: version: '4.15.0', revision: '1d14b5521b'
System info: os.name: 'Windows 11', os.arch: 'amd64', os.version: '10.0', java.version: '17.0.9'
Driver info: org.openqa.selenium.edge.EdgeDriver
Command: [be4976b23b8af4dc0196fc63d35ce3de, clickElement {id=f.0970CAE33BBA2DBBB7B9A4F35664B5C1.d.C75D5268273439016CC471B5E2024C9A.e.38}]
Capabilities {acceptInsecureCerts: false, browserName: MicrosoftEdge, browserVersion: 122.0.2365.52, fedcm:accounts: true, ms:edgeOptions: {debuggerAddress: localhost:55343}, msedge: {msedgedriverVersion: 122.0.2365.52 (dcf246d1e496..., userDataDir: C:\Windows\SystemTemp\scope...}, networkConnectionEnabled: false, pageLoadStrategy: normal, platformName: windows, proxy: Proxy(), se:cdp: ws://localhost:55343/devtoo..., se:cdpVersion: 122.0.2365.52, setWindowRect: true, strictFileInteractability: false, timeouts: {implicit: 0, pageLoad: 300000, script: 30000}, unhandledPromptBehavior: dismiss and notify, webauthn:extension:credBlob: true, webauthn:extension:largeBlob: true, webauthn:extension:minPinLength: true, webauthn:extension:prf: true, webauthn:virtualAuthenticators: true}
Element: [[EdgeDriver: MicrosoftEdge on windows (be4976b23b8af4dc0196fc63d35ce3de)] -> id: language-learning~menu-item]
Session ID: be4976b23b8af4dc0196fc63d35ce3de
	at java.base/jdk.internal.reflect.NativeConstructorAccessorImpl.newInstance0(Native Method)
	at java.base/jdk.internal.reflect.NativeConstructorAccessorImpl.newInstance(NativeConstructorAccessorImpl.java:77)
	at java.base/jdk.internal.reflect.DelegatingConstructorAccessorImpl.newInstance(DelegatingConstructorAccessorImpl.java:45)
	at java.base/java.lang.reflect.Constructor.newInstanceWithCaller(Constructor.java:499)
	at java.base/java.lang.reflect.Constructor.newInstance(Constructor.java:480)
	at org.openqa.selenium.remote.codec.w3c.W3CHttpResponseCodec.createException(W3CHttpResponseCodec.java:200)
	at org.openqa.selenium.remote.codec.w3c.W3CHttpResponseCodec.decode(W3CHttpResponseCodec.java:133)
	at org.openqa.selenium.remote.codec.w3c.W3CHttpResponseCodec.decode(W3CHttpResponseCodec.java:52)
	at org.openqa.selenium.remote.HttpCommandExecutor.execute(HttpCommandExecutor.java:191)
	at org.openqa.selenium.remote.service.DriverCommandExecutor.invokeExecute(DriverCommandExecutor.java:200)
	at org.openqa.selenium.remote.service.DriverCommandExecutor.execute(DriverCommandExecutor.java:175)
	at org.openqa.selenium.remote.RemoteWebDriver.execute(RemoteWebDriver.java:607)
	at org.openqa.selenium.remote.RemoteWebElement.execute(RemoteWebElement.java:224)
	at org.openqa.selenium.remote.RemoteWebElement.click(RemoteWebElement.java:77)
	at jdk.internal.reflect.GeneratedMethodAccessor1.invoke(Unknown Source)
	at java.base/jdk.internal.reflect.DelegatingMethodAccessorImpl.invoke(DelegatingMethodAccessorImpl.java:43)
	at java.base/java.lang.reflect.Method.invoke(Method.java:568)
	at org.openqa.selenium.support.pagefactory.internal.LocatingElementHandler.invoke(LocatingElementHandler.java:51)
	at jdk.proxy2/jdk.proxy2.$Proxy32.click(Unknown Source)
	at pageObjects.explorePage.clickOnLanguageLearning(explorePage.java:28)
	at StepDefinitionsFiles.TC_018_LanguageLearningModule.click_on_the_language_learning(TC_018_LanguageLearningModule.java:39)
	at âœ½.click on the language Learning(file:///C:/Users/2303722/eclipse-workspace/IdentifingCourses/./Features/LanguageLearning.feature:8)


    Embedding screenshot [image/png 264867 bytes]

  And click on the All language Courses                                                # StepDefinitionsFiles.TC_018_LanguageLearningModule.click_on_the_all_language_courses()
  Then check the driver is on the browser language page or not and Count the languages # StepDefinitionsFiles.TC_018_LanguageLearningModule.check_the_driver_is_on_the_browser_language_page_or_not_and_count_the_languages()
  Then count the display the levels                                                    # StepDefinitionsFiles.TC_018_LanguageLearningModule.count_the_display_the_levels()
]]></system-out>
    <system-err><![CDATA[┌──────────────────────────────────────────────────────────────────────────┐
│ View your Cucumber Report at:                                            │
│ https://reports.cucumber.io/reports/6de36261-ce80-4bf7-be7a-920039f191a3 │
│                                                                          │
│ This report will self-destruct in 24h.                                   │
│ Keep reports forever: https://reports.cucumber.io/profile                │
└──────────────────────────────────────────────────────────────────────────┘Feb 28, 2024 4:59:57 PM org.openqa.selenium.devtools.CdpVersionFinder findNearestMatch
WARNING: Unable to find an exact match for CDP version 122, returning the closest version; found: 119; Please update to a Selenium version that supports CDP version 122
]]></system-err>
  </testcase>
  <testcase name="runScenario[&quot;Retriving data of WebDevelopment Courses&quot;, &quot;Optional[Web Development Courses]&quot;](2)" classname="testRunner.TestRunner" time="172.642">
    <system-out><![CDATA[
@smoke
Scenario: Retriving data of WebDevelopment Courses # Features/WebDevelopmentCourses.feature:3
  Given Navigate to the Url                        # StepDefinitionsFiles.TC_016_CourseraValiation.navigate_to_the_url()

    Embedding screenshot [image/png 261020 bytes]

  When passing the parameter "Web Development"     # StepDefinitionsFiles.TC_017_WebDevelopmentCourses.passing_the_parameter(java.lang.String)

    Embedding screenshot [image/png 297044 bytes]

  When and Click on the Search                     # StepDefinitionsFiles.TC_017_WebDevelopmentCourses.and_click_on_the_search()

    Embedding screenshot [image/png 464237 bytes]

  And click on english Language                    # StepDefinitionsFiles.TC_017_WebDevelopmentCourses.click_on_english_language()

    Embedding screenshot [image/png 71374 bytes]

  And click on Begineer level                      # StepDefinitionsFiles.TC_017_WebDevelopmentCourses.click_on_begineer_level()

    Embedding screenshot [image/png 108298 bytes]

        courseName                    ratings NoOfReviewers
Meta Front-End Developer       4.7
7 months at 6 hours a week
IBM Full Stack Software Developer       4.6
4 months at 10 hours a week
  Then Retriving the details of two courses        # StepDefinitionsFiles.TC_017_WebDevelopmentCourses.retriving_the_details_of_two_courses()

    Embedding screenshot [image/png 535392 bytes]

]]></system-out>
  </testcase>
  <testcase name="runScenario[&quot;Retriving data of WebDevelopment Courses&quot;, &quot;Optional[Web Development Courses]&quot;](2)" classname="testRunner.TestRunner" time="213.186">
    <system-out><![CDATA[
@smoke
Scenario: Retriving data of WebDevelopment Courses # Features/WebDevelopmentCourses.feature:3
  Given Navigate to the Url                        # StepDefinitionsFiles.TC_016_CourseraValiation.navigate_to_the_url()

    Embedding screenshot [image/png 251743 bytes]

  When passing the parameter "Web Development"     # StepDefinitionsFiles.TC_017_WebDevelopmentCourses.passing_the_parameter(java.lang.String)

    Embedding screenshot [image/png 297652 bytes]

  When and Click on the Search                     # StepDefinitionsFiles.TC_017_WebDevelopmentCourses.and_click_on_the_search()

    Embedding screenshot [image/png 368350 bytes]

  And click on english Language                    # StepDefinitionsFiles.TC_017_WebDevelopmentCourses.click_on_english_language()

    Embedding screenshot [image/png 68438 bytes]

  And click on Begineer level                      # StepDefinitionsFiles.TC_017_WebDevelopmentCourses.click_on_begineer_level()

    Embedding screenshot [image/png 101235 bytes]

        courseName                    ratings NoOfReviewers
Meta Front-End Developer       4.7
7 months at 6 hours a week
IBM Full Stack Software Developer       4.6
4 months at 10 hours a week
  Then Retriving the details of two courses        # StepDefinitionsFiles.TC_017_WebDevelopmentCourses.retriving_the_details_of_two_courses()

    Embedding screenshot [image/png 414361 bytes]

]]></system-out>
    <system-err><![CDATA[Feb 28, 2024 5:01:15 PM org.openqa.selenium.devtools.CdpVersionFinder findNearestMatch
WARNING: Unable to find an exact match for CDP version 122, returning the closest version; found: 119; Please update to a Selenium version that supports CDP version 122
]]></system-err>
  </testcase>
</testsuite>