<?xml version="1.0" encoding="UTF-8"?>
<testng-results ignored="0" total="0" passed="0" failed="0" skipped="0">
  <reporter-output>
  </reporter-output>
  <suite started-at="2024-02-28T23:22:37 IST" name="Failed suite [Suite]" finished-at="2024-02-28T23:22:42 IST" duration-ms="4641">
    <groups>
      <group name="cucumber">
        <method signature="AbstractTestNGCucumberTests.runScenario(io.cucumber.testng.PickleWrapper,io.cucumber.testng.FeatureWrapper)[pri:0, instance:testRunner.TestRunner@740cae06]" name="runScenario" class="io.cucumber.testng.AbstractTestNGCucumberTests"/>
      </group> <!-- cucumber -->
    </groups>
    <test started-at="2024-02-28T23:22:37 IST" name="Test3(failed)" finished-at="2024-02-28T23:22:42 IST" duration-ms="4641">
      <class name="testRunner.TestRunner">
        <test-method is-config="true" signature="setUpClass(org.testng.ITestContext)[pri:0, instance:testRunner.TestRunner@740cae06]" started-at="2024-02-28T23:22:37 IST" name="setUpClass" finished-at="2024-02-28T23:22:38 IST" duration-ms="1150" status="PASS">
          <params>
            <param index="0">
              <value>
                <![CDATA[org.testng.TestRunner@508a65bf]]>
              </value>
            </param>
          </params>
          <reporter-output>
          </reporter-output>
        </test-method> <!-- setUpClass -->
        <test-method is-config="true" signature="set(org.testng.ITestContext)[pri:0, instance:testRunner.TestRunner@740cae06]" started-at="2024-02-28T23:22:38 IST" name="set" finished-at="2024-02-28T23:22:38 IST" duration-ms="0" status="PASS">
          <params>
            <param index="0">
              <value>
                <![CDATA[org.testng.TestRunner@508a65bf]]>
              </value>
            </param>
          </params>
          <reporter-output>
          </reporter-output>
        </test-method> <!-- set -->
        <test-method is-config="true" signature="tearDownClass()[pri:0, instance:testRunner.TestRunner@740cae06]" started-at="2024-02-28T23:22:38 IST" name="tearDownClass" finished-at="2024-02-28T23:22:42 IST" duration-ms="3455" status="PASS">
          <reporter-output>
          </reporter-output>
        </test-method> <!-- tearDownClass -->
      </class> <!-- testRunner.TestRunner -->
    </test> <!-- Test3(failed) -->
  </suite> <!-- Failed suite [Suite] -->
</testng-results>
